2020-09-16 20:31:23,721 INFO 25974 [egg-schedule]: register schedule /Users/wangwei/AlvinWang/blog-server/node_modules/egg-multipart/app/schedule/clean_tmpdir.js
2020-09-16 20:31:23,721 INFO 25974 [egg-schedule]: register schedule /Users/wangwei/AlvinWang/blog-server/node_modules/egg-logrotator/app/schedule/clean_log.js
2020-09-16 20:31:23,721 INFO 25974 [egg-schedule]: register schedule /Users/wangwei/AlvinWang/blog-server/node_modules/egg-logrotator/app/schedule/rotate_by_file.js
2020-09-16 20:31:25,043 INFO 25973 [Timer] /Users/wangwei/AlvinWang/blog-server/node_modules/egg-multipart/app/schedule/clean_tmpdir.js next time will execute after 28714959ms at 2020-09-17 04:30:00.002
2020-09-16 20:31:25,043 INFO 25973 [Timer] /Users/wangwei/AlvinWang/blog-server/node_modules/egg-logrotator/app/schedule/clean_log.js next time will execute after 12514957ms at 2020-09-17 00:00:00.000
2020-09-16 20:31:25,043 INFO 25973 [Timer] /Users/wangwei/AlvinWang/blog-server/node_modules/egg-logrotator/app/schedule/rotate_by_file.js next time will execute after 12515957ms at 2020-09-17 00:00:01.000
2020-09-16 20:31:48,541 INFO 26106 [egg-schedule]: register schedule /Users/wangwei/AlvinWang/blog-server/node_modules/egg-multipart/app/schedule/clean_tmpdir.js
2020-09-16 20:31:48,541 INFO 26106 [egg-schedule]: register schedule /Users/wangwei/AlvinWang/blog-server/node_modules/egg-logrotator/app/schedule/clean_log.js
2020-09-16 20:31:48,541 INFO 26106 [egg-schedule]: register schedule /Users/wangwei/AlvinWang/blog-server/node_modules/egg-logrotator/app/schedule/rotate_by_file.js
2020-09-16 20:31:53,658 INFO 26115 [egg-schedule]: register schedule /Users/wangwei/AlvinWang/blog-server/node_modules/egg-multipart/app/schedule/clean_tmpdir.js
2020-09-16 20:31:53,658 INFO 26115 [egg-schedule]: register schedule /Users/wangwei/AlvinWang/blog-server/node_modules/egg-logrotator/app/schedule/clean_log.js
2020-09-16 20:31:53,658 INFO 26115 [egg-schedule]: register schedule /Users/wangwei/AlvinWang/blog-server/node_modules/egg-logrotator/app/schedule/rotate_by_file.js
2020-09-16 20:34:32,996 INFO 26337 [egg-schedule]: register schedule /Users/wangwei/AlvinWang/blog-server/node_modules/egg-multipart/app/schedule/clean_tmpdir.js
2020-09-16 20:34:32,996 INFO 26337 [egg-schedule]: register schedule /Users/wangwei/AlvinWang/blog-server/node_modules/egg-logrotator/app/schedule/clean_log.js
2020-09-16 20:34:32,996 INFO 26337 [egg-schedule]: register schedule /Users/wangwei/AlvinWang/blog-server/node_modules/egg-logrotator/app/schedule/rotate_by_file.js
2020-09-16 20:34:51,145 INFO 26368 [egg-schedule]: register schedule /Users/wangwei/AlvinWang/blog-server/node_modules/egg-multipart/app/schedule/clean_tmpdir.js
2020-09-16 20:34:51,145 INFO 26368 [egg-schedule]: register schedule /Users/wangwei/AlvinWang/blog-server/node_modules/egg-logrotator/app/schedule/clean_log.js
2020-09-16 20:34:51,145 INFO 26368 [egg-schedule]: register schedule /Users/wangwei/AlvinWang/blog-server/node_modules/egg-logrotator/app/schedule/rotate_by_file.js
2020-09-16 20:41:20,514 INFO 26471 [egg-schedule]: register schedule /Users/wangwei/AlvinWang/blog-server/node_modules/egg-multipart/app/schedule/clean_tmpdir.js
2020-09-16 20:41:20,514 INFO 26471 [egg-schedule]: register schedule /Users/wangwei/AlvinWang/blog-server/node_modules/egg-logrotator/app/schedule/clean_log.js
2020-09-16 20:41:20,514 INFO 26471 [egg-schedule]: register schedule /Users/wangwei/AlvinWang/blog-server/node_modules/egg-logrotator/app/schedule/rotate_by_file.js
2020-09-16 20:42:22,465 INFO 26501 [egg-schedule]: register schedule /Users/wangwei/AlvinWang/blog-server/node_modules/egg-multipart/app/schedule/clean_tmpdir.js
2020-09-16 20:42:22,466 INFO 26501 [egg-schedule]: register schedule /Users/wangwei/AlvinWang/blog-server/node_modules/egg-logrotator/app/schedule/clean_log.js
2020-09-16 20:42:22,466 INFO 26501 [egg-schedule]: register schedule /Users/wangwei/AlvinWang/blog-server/node_modules/egg-logrotator/app/schedule/rotate_by_file.js
2020-09-16 20:42:23,372 INFO 26503 [egg-schedule]: register schedule /Users/wangwei/AlvinWang/blog-server/node_modules/egg-multipart/app/schedule/clean_tmpdir.js
2020-09-16 20:42:23,372 INFO 26503 [egg-schedule]: register schedule /Users/wangwei/AlvinWang/blog-server/node_modules/egg-logrotator/app/schedule/clean_log.js
2020-09-16 20:42:23,372 INFO 26503 [egg-schedule]: register schedule /Users/wangwei/AlvinWang/blog-server/node_modules/egg-logrotator/app/schedule/rotate_by_file.js
2020-09-16 20:53:21,455 INFO 26623 [egg-schedule]: register schedule /Users/wangwei/AlvinWang/blog-server/node_modules/egg-multipart/app/schedule/clean_tmpdir.js
2020-09-16 20:53:21,455 INFO 26623 [egg-schedule]: register schedule /Users/wangwei/AlvinWang/blog-server/node_modules/egg-logrotator/app/schedule/clean_log.js
2020-09-16 20:53:21,455 INFO 26623 [egg-schedule]: register schedule /Users/wangwei/AlvinWang/blog-server/node_modules/egg-logrotator/app/schedule/rotate_by_file.js
