2020-09-16 20:31:23,700 INFO 25974 [egg:logger] init all loggers with options: {"dir":"/Users/wangwei/AlvinWang/blog-server/logs/my-api","encoding":"utf8","env":"local","level":"INFO","consoleLevel":"INFO","disableConsoleAfterReady":false,"outputJSON":false,"buffer":true,"appLogName":"my-api-web.log","coreLogName":"egg-web.log","agentLogName":"egg-agent.log","errorLogName":"common-error.log","coreLogger":{"consoleLevel":"WARN"},"allowDebugAtProd":false,"type":"application"}
2020-09-16 20:31:23,722 INFO 25974 [egg-multipart] stream mode enable
2020-09-16 20:31:24,965 INFO 25974 [egg-static] starting static serve /public/ -> /Users/wangwei/AlvinWang/blog-server/app/public
2020-09-16 20:31:24,967 INFO 25974 [egg-security] use csrf middleware
2020-09-16 20:31:24,969 INFO 25974 [egg-security] use methodnoallow middleware
2020-09-16 20:31:24,970 INFO 25974 [egg-security] use noopen middleware
2020-09-16 20:31:24,971 INFO 25974 [egg-security] use nosniff middleware
2020-09-16 20:31:24,971 INFO 25974 [egg-security] use xssProtection middleware
2020-09-16 20:31:24,972 INFO 25974 [egg-security] use xframe middleware
2020-09-16 20:31:24,973 INFO 25974 [egg-security] use dta middleware
2020-09-16 20:31:24,973 INFO 25974 [egg-security] compose 7 middlewares into one security middleware
2020-09-16 20:31:25,021 INFO 25974 [egg:core] dump config after load, 3ms
2020-09-16 20:31:25,033 INFO 25974 [egg-watcher:application] watcher start success
2020-09-16 20:31:25,038 INFO 25974 [egg:core] dump config after ready, 4ms
2020-09-16 20:31:48,524 INFO 26106 [egg:logger] init all loggers with options: {"dir":"/Users/wangwei/AlvinWang/blog-server/logs/my-api","encoding":"utf8","env":"local","level":"INFO","consoleLevel":"INFO","disableConsoleAfterReady":false,"outputJSON":false,"buffer":true,"appLogName":"my-api-web.log","coreLogName":"egg-web.log","agentLogName":"egg-agent.log","errorLogName":"common-error.log","coreLogger":{"consoleLevel":"WARN"},"allowDebugAtProd":false,"type":"application"}
2020-09-16 20:31:48,542 INFO 26106 [egg-multipart] stream mode enable
2020-09-16 20:31:49,730 INFO 26106 [egg-static] starting static serve /public/ -> /Users/wangwei/AlvinWang/blog-server/app/public
2020-09-16 20:31:49,732 INFO 26106 [egg-security] use csrf middleware
2020-09-16 20:31:49,733 INFO 26106 [egg-security] use methodnoallow middleware
2020-09-16 20:31:49,733 INFO 26106 [egg-security] use noopen middleware
2020-09-16 20:31:49,733 INFO 26106 [egg-security] use nosniff middleware
2020-09-16 20:31:49,734 INFO 26106 [egg-security] use xssProtection middleware
2020-09-16 20:31:49,734 INFO 26106 [egg-security] use xframe middleware
2020-09-16 20:31:49,734 INFO 26106 [egg-security] use dta middleware
2020-09-16 20:31:49,734 INFO 26106 [egg-security] compose 7 middlewares into one security middleware
2020-09-16 20:31:49,740 INFO 26106 [egg:core] dump config after load, 3ms
2020-09-16 20:31:49,750 INFO 26106 [egg-watcher:application] watcher start success
2020-09-16 20:31:49,755 INFO 26106 [egg:core] dump config after ready, 4ms
2020-09-16 20:31:53,618 INFO 26115 [egg:logger] init all loggers with options: {"dir":"/Users/wangwei/AlvinWang/blog-server/logs/my-api","encoding":"utf8","env":"local","level":"INFO","consoleLevel":"INFO","disableConsoleAfterReady":false,"outputJSON":false,"buffer":true,"appLogName":"my-api-web.log","coreLogName":"egg-web.log","agentLogName":"egg-agent.log","errorLogName":"common-error.log","coreLogger":{"consoleLevel":"WARN"},"allowDebugAtProd":false,"type":"application"}
2020-09-16 20:31:53,659 INFO 26115 [egg-multipart] stream mode enable
2020-09-16 20:31:53,742 INFO 26115 [egg-static] starting static serve /public/ -> /Users/wangwei/AlvinWang/blog-server/app/public
2020-09-16 20:31:53,745 INFO 26115 [egg-security] use csrf middleware
2020-09-16 20:31:53,746 INFO 26115 [egg-security] use methodnoallow middleware
2020-09-16 20:31:53,747 INFO 26115 [egg-security] use noopen middleware
2020-09-16 20:31:53,748 INFO 26115 [egg-security] use nosniff middleware
2020-09-16 20:31:53,748 INFO 26115 [egg-security] use xssProtection middleware
2020-09-16 20:31:53,748 INFO 26115 [egg-security] use xframe middleware
2020-09-16 20:31:53,749 INFO 26115 [egg-security] use dta middleware
2020-09-16 20:31:53,749 INFO 26115 [egg-security] compose 7 middlewares into one security middleware
2020-09-16 20:31:53,760 INFO 26115 [egg:core] dump config after load, 6ms
2020-09-16 20:31:53,772 INFO 26115 [egg-watcher:application] watcher start success
2020-09-16 20:31:53,782 INFO 26115 [egg:core] dump config after ready, 7ms
2020-09-16 20:34:32,965 INFO 26337 [egg:logger] init all loggers with options: {"dir":"/Users/wangwei/AlvinWang/blog-server/logs/my-api","encoding":"utf8","env":"local","level":"INFO","consoleLevel":"INFO","disableConsoleAfterReady":false,"outputJSON":false,"buffer":true,"appLogName":"my-api-web.log","coreLogName":"egg-web.log","agentLogName":"egg-agent.log","errorLogName":"common-error.log","coreLogger":{"consoleLevel":"WARN"},"allowDebugAtProd":false,"type":"application"}
2020-09-16 20:34:32,997 INFO 26337 [egg-multipart] stream mode enable
2020-09-16 20:34:33,065 INFO 26337 [egg-static] starting static serve /public/ -> /Users/wangwei/AlvinWang/blog-server/app/public
2020-09-16 20:34:33,067 INFO 26337 [egg-security] use csrf middleware
2020-09-16 20:34:33,068 INFO 26337 [egg-security] use methodnoallow middleware
2020-09-16 20:34:33,069 INFO 26337 [egg-security] use noopen middleware
2020-09-16 20:34:33,070 INFO 26337 [egg-security] use nosniff middleware
2020-09-16 20:34:33,071 INFO 26337 [egg-security] use xssProtection middleware
2020-09-16 20:34:33,072 INFO 26337 [egg-security] use xframe middleware
2020-09-16 20:34:33,073 INFO 26337 [egg-security] use dta middleware
2020-09-16 20:34:33,073 INFO 26337 [egg-security] compose 7 middlewares into one security middleware
2020-09-16 20:34:33,109 INFO 26337 [egg:core] dump config after load, 8ms
2020-09-16 20:34:33,117 INFO 26337 [egg-watcher:application] watcher start success
2020-09-16 20:34:33,124 INFO 26337 [egg:core] dump config after ready, 5ms
2020-09-16 20:34:51,126 INFO 26368 [egg:logger] init all loggers with options: {"dir":"/Users/wangwei/AlvinWang/blog-server/logs/my-api","encoding":"utf8","env":"local","level":"INFO","consoleLevel":"INFO","disableConsoleAfterReady":false,"outputJSON":false,"buffer":true,"appLogName":"my-api-web.log","coreLogName":"egg-web.log","agentLogName":"egg-agent.log","errorLogName":"common-error.log","coreLogger":{"consoleLevel":"WARN"},"allowDebugAtProd":false,"type":"application"}
2020-09-16 20:34:51,146 INFO 26368 [egg-multipart] stream mode enable
2020-09-16 20:34:51,203 INFO 26368 [egg-static] starting static serve /public/ -> /Users/wangwei/AlvinWang/blog-server/app/public
2020-09-16 20:34:51,205 INFO 26368 [egg-security] use csrf middleware
2020-09-16 20:34:51,205 INFO 26368 [egg-security] use methodnoallow middleware
2020-09-16 20:34:51,206 INFO 26368 [egg-security] use noopen middleware
2020-09-16 20:34:51,207 INFO 26368 [egg-security] use nosniff middleware
2020-09-16 20:34:51,208 INFO 26368 [egg-security] use xssProtection middleware
2020-09-16 20:34:51,208 INFO 26368 [egg-security] use xframe middleware
2020-09-16 20:34:51,208 INFO 26368 [egg-security] use dta middleware
2020-09-16 20:34:51,208 INFO 26368 [egg-security] compose 7 middlewares into one security middleware
2020-09-16 20:34:51,245 INFO 26368 [egg:core] dump config after load, 8ms
2020-09-16 20:34:51,252 INFO 26368 [egg-watcher:application] watcher start success
2020-09-16 20:34:51,257 INFO 26368 [egg:core] dump config after ready, 4ms
2020-09-16 20:41:20,488 INFO 26471 [egg:logger] init all loggers with options: {"dir":"/Users/wangwei/AlvinWang/blog-server/logs/my-api","encoding":"utf8","env":"local","level":"INFO","consoleLevel":"INFO","disableConsoleAfterReady":false,"outputJSON":false,"buffer":true,"appLogName":"my-api-web.log","coreLogName":"egg-web.log","agentLogName":"egg-agent.log","errorLogName":"common-error.log","coreLogger":{"consoleLevel":"WARN"},"allowDebugAtProd":false,"type":"application"}
2020-09-16 20:41:20,514 INFO 26471 [egg-multipart] stream mode enable
2020-09-16 20:41:20,652 INFO 26471 [egg-static] starting static serve /public/ -> /Users/wangwei/AlvinWang/blog-server/app/public
2020-09-16 20:41:20,656 INFO 26471 [egg-security] use csrf middleware
2020-09-16 20:41:20,658 INFO 26471 [egg-security] use methodnoallow middleware
2020-09-16 20:41:20,659 INFO 26471 [egg-security] use noopen middleware
2020-09-16 20:41:20,661 INFO 26471 [egg-security] use nosniff middleware
2020-09-16 20:41:20,662 INFO 26471 [egg-security] use xssProtection middleware
2020-09-16 20:41:20,663 INFO 26471 [egg-security] use xframe middleware
2020-09-16 20:41:20,664 INFO 26471 [egg-security] use dta middleware
2020-09-16 20:41:20,664 INFO 26471 [egg-security] compose 7 middlewares into one security middleware
2020-09-16 20:41:20,674 INFO 26471 [egg:core] dump config after load, 4ms
2020-09-16 20:41:20,684 INFO 26471 [egg-watcher:application] watcher start success
2020-09-16 20:41:20,690 INFO 26471 [egg:core] dump config after ready, 5ms
2020-09-16 20:42:22,437 INFO 26501 [egg:logger] init all loggers with options: {"dir":"/Users/wangwei/AlvinWang/blog-server/logs/my-api","encoding":"utf8","env":"local","level":"INFO","consoleLevel":"INFO","disableConsoleAfterReady":false,"outputJSON":false,"buffer":true,"appLogName":"my-api-web.log","coreLogName":"egg-web.log","agentLogName":"egg-agent.log","errorLogName":"common-error.log","coreLogger":{"consoleLevel":"WARN"},"allowDebugAtProd":false,"type":"application"}
2020-09-16 20:42:22,466 INFO 26501 [egg-multipart] stream mode enable
2020-09-16 20:42:22,639 INFO 26501 [egg-static] starting static serve /public/ -> /Users/wangwei/AlvinWang/blog-server/app/public
2020-09-16 20:42:22,642 INFO 26501 [egg-security] use csrf middleware
2020-09-16 20:42:22,644 INFO 26501 [egg-security] use methodnoallow middleware
2020-09-16 20:42:22,645 INFO 26501 [egg-security] use noopen middleware
2020-09-16 20:42:22,646 INFO 26501 [egg-security] use nosniff middleware
2020-09-16 20:42:22,647 INFO 26501 [egg-security] use xssProtection middleware
2020-09-16 20:42:22,649 INFO 26501 [egg-security] use xframe middleware
2020-09-16 20:42:22,651 INFO 26501 [egg-security] use dta middleware
2020-09-16 20:42:22,651 INFO 26501 [egg-security] compose 7 middlewares into one security middleware
2020-09-16 20:42:22,662 INFO 26501 [egg:core] dump config after load, 6ms
2020-09-16 20:42:22,675 INFO 26501 [egg-watcher:application] watcher start success
2020-09-16 20:42:22,683 INFO 26501 [egg:core] dump config after ready, 6ms
2020-09-16 20:42:23,351 INFO 26503 [egg:logger] init all loggers with options: {"dir":"/Users/wangwei/AlvinWang/blog-server/logs/my-api","encoding":"utf8","env":"local","level":"INFO","consoleLevel":"INFO","disableConsoleAfterReady":false,"outputJSON":false,"buffer":true,"appLogName":"my-api-web.log","coreLogName":"egg-web.log","agentLogName":"egg-agent.log","errorLogName":"common-error.log","coreLogger":{"consoleLevel":"WARN"},"allowDebugAtProd":false,"type":"application"}
2020-09-16 20:42:23,373 INFO 26503 [egg-multipart] stream mode enable
2020-09-16 20:42:23,424 INFO 26503 [egg-static] starting static serve /public/ -> /Users/wangwei/AlvinWang/blog-server/app/public
2020-09-16 20:42:23,425 INFO 26503 [egg-security] use csrf middleware
2020-09-16 20:42:23,426 INFO 26503 [egg-security] use methodnoallow middleware
2020-09-16 20:42:23,426 INFO 26503 [egg-security] use noopen middleware
2020-09-16 20:42:23,426 INFO 26503 [egg-security] use nosniff middleware
2020-09-16 20:42:23,427 INFO 26503 [egg-security] use xssProtection middleware
2020-09-16 20:42:23,427 INFO 26503 [egg-security] use xframe middleware
2020-09-16 20:42:23,428 INFO 26503 [egg-security] use dta middleware
2020-09-16 20:42:23,428 INFO 26503 [egg-security] compose 7 middlewares into one security middleware
2020-09-16 20:42:23,436 INFO 26503 [egg:core] dump config after load, 5ms
2020-09-16 20:42:23,443 INFO 26503 [egg-watcher:application] watcher start success
2020-09-16 20:42:23,449 INFO 26503 [egg:core] dump config after ready, 4ms
2020-09-16 20:53:21,424 INFO 26623 [egg:logger] init all loggers with options: {"dir":"/Users/wangwei/AlvinWang/blog-server/logs/my-api","encoding":"utf8","env":"local","level":"INFO","consoleLevel":"INFO","disableConsoleAfterReady":false,"outputJSON":false,"buffer":true,"appLogName":"my-api-web.log","coreLogName":"egg-web.log","agentLogName":"egg-agent.log","errorLogName":"common-error.log","coreLogger":{"consoleLevel":"WARN"},"allowDebugAtProd":false,"type":"application"}
2020-09-16 20:53:21,456 INFO 26623 [egg-multipart] stream mode enable
2020-09-16 20:53:21,608 INFO 26623 [egg-static] starting static serve /public/ -> /Users/wangwei/AlvinWang/blog-server/app/public
2020-09-16 20:53:21,610 INFO 26623 [egg-security] use csrf middleware
2020-09-16 20:53:21,612 INFO 26623 [egg-security] use methodnoallow middleware
2020-09-16 20:53:21,613 INFO 26623 [egg-security] use noopen middleware
2020-09-16 20:53:21,614 INFO 26623 [egg-security] use nosniff middleware
2020-09-16 20:53:21,615 INFO 26623 [egg-security] use xssProtection middleware
2020-09-16 20:53:21,617 INFO 26623 [egg-security] use xframe middleware
2020-09-16 20:53:21,618 INFO 26623 [egg-security] use dta middleware
2020-09-16 20:53:21,618 INFO 26623 [egg-security] compose 7 middlewares into one security middleware
2020-09-16 20:53:21,631 INFO 26623 [egg:core] dump config after load, 6ms
2020-09-16 20:53:21,639 INFO 26623 [egg-watcher:application] watcher start success
2020-09-16 20:53:21,645 INFO 26623 [egg:core] dump config after ready, 4ms
